{"numFailedTestSuites":1,"numFailedTests":1,"numPassedTestSuites":0,"numPassedTests":1,"numPendingTestSuites":0,"numPendingTests":0,"numRuntimeErrorTestSuites":0,"numTodoTests":0,"numTotalTestSuites":1,"numTotalTests":2,"openHandles":[],"snapshot":{"added":0,"didUpdate":false,"failure":false,"filesAdded":0,"filesRemoved":0,"filesRemovedList":[],"filesUnmatched":0,"filesUpdated":0,"matched":0,"total":0,"unchecked":0,"uncheckedKeysByFile":[],"unmatched":0,"updated":0},"startTime":1786076505208,"success":false,"testResults":[{"assertionResults":[{"ancestorTitles":["App.tsx"],"duration":61,"failureDetails":[],"failureMessages":[],"fullName":"App.tsx should test if heading is present","invocations":1,"location":null,"numPassingAsserts":1,"retryReasons":[],"status":"passed","title":"should test if heading is present"},{"ancestorTitles":["App.tsx"],"duration":35,"failureDetails":[{"name":"TestingLibraryElementError"}],"failureMessages":["TestingLibraryElementError: Unable to find an accessible element with the role \"button\" and name `/fcc/i`\n\nHere are the accessible roles:\n\n  heading:\n\n  Name \"Hello\":\n  \u001b[36m<h2 />\u001b[39m\n\n  --------------------------------------------------\n  button:\n\n  Name \"CLick Me\":\n  \u001b[36m<button />\u001b[39m\n\n  --------------------------------------------------\n\nIgnored nodes: comments, script, style\n\u001b[36m<body>\u001b[39m\n  \u001b[36m<div>\u001b[39m\n    \u001b[36m<div>\u001b[39m\n      \u001b[36m<h2>\u001b[39m\n        \u001b[0mHello\u001b[0m\n      \u001b[36m</h2>\u001b[39m\n      \u001b[36m<button>\u001b[39m\n        \u001b[0mCLick Me\u001b[0m\n      \u001b[36m</button>\u001b[39m\n    \u001b[36m</div>\u001b[39m\n  \u001b[36m</div>\u001b[39m\n\u001b[36m</body>\u001b[39m\n    at Object.getElementError (D:\\Github-Actions\\actions-poc\\node_modules\\@testing-library\\dom\\dist\\config.js:37:19)\n    at D:\\Github-Actions\\actions-poc\\node_modules\\@testing-library\\dom\\dist\\query-helpers.js:76:38\n    at D:\\Github-Actions\\actions-poc\\node_modules\\@testing-library\\dom\\dist\\query-helpers.js:52:17\n    at D:\\Github-Actions\\actions-poc\\node_modules\\@testing-library\\dom\\dist\\query-helpers.js:95:19\n    at Object.<anonymous> (D:\\Github-Actions\\actions-poc\\src\\App.test.tsx:15:24)\n    at Promise.then.completed (D:\\Github-Actions\\actions-poc\\node_modules\\jest-circus\\build\\utils.js:298:28)\n    at new Promise (<anonymous>)\n    at callAsyncCircusFn (D:\\Github-Actions\\actions-poc\\node_modules\\jest-circus\\build\\utils.js:231:10)\n    at _callCircusTest (D:\\Github-Actions\\actions-poc\\node_modules\\jest-circus\\build\\run.js:316:40)\n    at processTicksAndRejections (node:internal/process/task_queues:105:5)\n    at _runTest (D:\\Github-Actions\\actions-poc\\node_modules\\jest-circus\\build\\run.js:252:3)\n    at _runTestsForDescribeBlock (D:\\Github-Actions\\actions-poc\\node_modules\\jest-circus\\build\\run.js:126:9)\n    at _runTestsForDescribeBlock (D:\\Github-Actions\\actions-poc\\node_modules\\jest-circus\\build\\run.js:121:9)\n    at run (D:\\Github-Actions\\actions-poc\\node_modules\\jest-circus\\build\\run.js:71:3)\n    at runAndTransformResultsToJestFormat (D:\\Github-Actions\\actions-poc\\node_modules\\jest-circus\\build\\legacy-code-todo-rewrite\\jestAdapterInit.js:122:21)\n    at jestAdapter (D:\\Github-Actions\\actions-poc\\node_modules\\jest-circus\\build\\legacy-code-todo-rewrite\\jestAdapter.js:79:19)\n    at runTestInternal (D:\\Github-Actions\\actions-poc\\node_modules\\jest-runner\\build\\runTest.js:367:16)\n    at runTest (D:\\Github-Actions\\actions-poc\\node_modules\\jest-runner\\build\\runTest.js:444:34)"],"fullName":"App.tsx should test if button is present","invocations":1,"location":null,"numPassingAsserts":0,"retryReasons":[],"status":"failed","title":"should test if button is present"}],"endTime":1786076508155,"message":"\u001b[1m\u001b[31m  \u001b[1m● \u001b[22m\u001b[1mApp.tsx › should test if button is present\u001b[39m\u001b[22m\n\n    TestingLibraryElementError: Unable to find an accessible element with the role \"button\" and name `/fcc/i`\n\n    Here are the accessible roles:\n\n      heading:\n\n      Name \"Hello\":\n      \u001b[36m<h2 />\u001b[39m\n\n      --------------------------------------------------\n      button:\n\n      Name \"CLick Me\":\n      \u001b[36m<button />\u001b[39m\n\n      --------------------------------------------------\n\n    Ignored nodes: comments, script, style\n    \u001b[36m<body>\u001b[39m\n      \u001b[36m<div>\u001b[39m\n        \u001b[36m<div>\u001b[39m\n          \u001b[36m<h2>\u001b[39m\n            \u001b[0mHello\u001b[0m\n          \u001b[36m</h2>\u001b[39m\n          \u001b[36m<button>\u001b[39m\n            \u001b[0mCLick Me\u001b[0m\n          \u001b[36m</button>\u001b[39m\n        \u001b[36m</div>\u001b[39m\n      \u001b[36m</div>\u001b[39m\n    \u001b[36m</body>\u001b[39m\n\u001b[2m\u001b[22m\n\u001b[2m    \u001b[0m \u001b[90m 13 |\u001b[39m   it(\u001b[32m'should test if button is present'\u001b[39m\u001b[33m,\u001b[39m ()\u001b[33m=>\u001b[39m{\u001b[22m\n\u001b[2m     \u001b[90m 14 |\u001b[39m     render(\u001b[33m<\u001b[39m\u001b[33mApp\u001b[39m\u001b[33m/\u001b[39m\u001b[33m>\u001b[39m)\u001b[22m\n\u001b[2m    \u001b[31m\u001b[1m>\u001b[22m\u001b[2m\u001b[39m\u001b[90m 15 |\u001b[39m     \u001b[36mconst\u001b[39m btn \u001b[33m=\u001b[39m screen\u001b[33m.\u001b[39mgetByRole(\u001b[32m'button'\u001b[39m\u001b[33m,\u001b[39m { name\u001b[33m:\u001b[39m \u001b[35m/fcc/i\u001b[39m })\u001b[33m;\u001b[39m\u001b[22m\n\u001b[2m     \u001b[90m    |\u001b[39m                        \u001b[31m\u001b[1m^\u001b[22m\u001b[2m\u001b[39m\u001b[22m\n\u001b[2m     \u001b[90m 16 |\u001b[39m     expect(btn)\u001b[33m.\u001b[39mtoBeInTheDocument()\u001b[22m\n\u001b[2m     \u001b[90m 17 |\u001b[39m   })\u001b[22m\n\u001b[2m     \u001b[90m 18 |\u001b[39m })\u001b[0m\u001b[22m\n\u001b[2m\u001b[22m\n\u001b[2m      \u001b[2mat Object.getElementError (\u001b[22m\u001b[2mnode_modules/@testing-library/dom/dist/config.js\u001b[2m:37:19)\u001b[22m\u001b[2m\u001b[22m\n\u001b[2m      \u001b[2mat \u001b[22m\u001b[2mnode_modules/@testing-library/dom/dist/query-helpers.js\u001b[2m:76:38\u001b[22m\u001b[2m\u001b[22m\n\u001b[2m      \u001b[2mat \u001b[22m\u001b[2mnode_modules/@testing-library/dom/dist/query-helpers.js\u001b[2m:52:17\u001b[22m\u001b[2m\u001b[22m\n\u001b[2m      \u001b[2mat \u001b[22m\u001b[2mnode_modules/@testing-library/dom/dist/query-helpers.js\u001b[2m:95:19\u001b[22m\u001b[2m\u001b[22m\n\u001b[2m      \u001b[2mat Object.<anonymous> (\u001b[22m\u001b[2m\u001b[0m\u001b[36msrc/App.test.tsx\u001b[39m\u001b[0m\u001b[2m:15:24)\u001b[22m\u001b[2m\u001b[22m\n","name":"D:\\Github-Actions\\actions-poc\\src\\App.test.tsx","startTime":1786076507015,"status":"failed","summary":""}],"wasInterrupted":false}
