{"numFailedTestSuites":0,"numFailedTests":0,"numPassedTestSuites":1,"numPassedTests":1,"numPendingTestSuites":0,"numPendingTests":0,"numRuntimeErrorTestSuites":0,"numTodoTests":0,"numTotalTestSuites":1,"numTotalTests":1,"openHandles":[],"snapshot":{"added":0,"didUpdate":false,"failure":false,"filesAdded":0,"filesRemoved":0,"filesRemovedList":[],"filesUnmatched":0,"filesUpdated":0,"matched":0,"total":0,"unchecked":0,"uncheckedKeysByFile":[],"unmatched":0,"updated":0},"startTime":1785984112121,"success":true,"testResults":[{"assertionResults":[{"ancestorTitles":["App.tsx"],"duration":80,"failureDetails":[],"failureMessages":[],"fullName":"App.tsx should test the button click event","invocations":1,"location":null,"numPassingAsserts":1,"retryReasons":[],"status":"passed","title":"should test the button click event"}],"endTime":1785984114486,"message":"","name":"D:\\Github-Actions\\actions-poc\\src\\App.test.tsx","startTime":1785984113548,"status":"passed","summary":""}],"wasInterrupted":false}
